This is pdfTeX, Version 3.14159265-2.6-1.40.20 (TeX Live 2019) (preloaded format=pdflatex 2020.1.8)  8 JAN 2020 22:43
entering extended mode
 \write18 enabled.
 %&-line parsing enabled.
**report.tex
(./report.tex
LaTeX2e <2019-10-01> patch level 3
(/home/phonon/Development/tools/tex2019/texmf-dist/tex/latex/base/book.cls
Document Class: book 2019/10/25 v1.4k Standard LaTeX document class
(/home/phonon/Development/tools/tex2019/texmf-dist/tex/latex/base/bk10.clo
File: bk10.clo 2019/10/25 v1.4k Standard LaTeX file (size option)
)
\c@part=\count80
\c@chapter=\count81
\c@section=\count82
\c@subsection=\count83
\c@subsubsection=\count84
\c@paragraph=\count85
\c@subparagraph=\count86
\c@figure=\count87
\c@table=\count88
\abovecaptionskip=\skip41
\belowcaptionskip=\skip42
\bibindent=\dimen102
)
(/home/phonon/Development/tools/tex2019/texmf-dist/tex/latex/geometry/geometry.
sty
Package: geometry 2020/01/02 v5.9 Page Geometry

(/home/phonon/Development/tools/tex2019/texmf-dist/tex/latex/graphics/keyval.st
y
Package: keyval 2014/10/28 v1.15 key=value parser (DPC)
\KV@toks@=\toks14
)
(/home/phonon/Development/tools/tex2019/texmf-dist/tex/generic/iftex/ifvtex.sty
Package: ifvtex 2019/10/25 v1.7 ifvtex legacy package. Use iftex instead.
(/home/phonon/Development/tools/tex2019/texmf-dist/tex/generic/iftex/iftex.sty
Package: iftex 2019/11/07 v1.0c TeX engine tests
))
\Gm@cnth=\count89
\Gm@cntv=\count90
\c@Gm@tempcnt=\count91
\Gm@bindingoffset=\dimen103
\Gm@wd@mp=\dimen104
\Gm@odd@mp=\dimen105
\Gm@even@mp=\dimen106
\Gm@layoutwidth=\dimen107
\Gm@layoutheight=\dimen108
\Gm@layouthoffset=\dimen109
\Gm@layoutvoffset=\dimen110
\Gm@dimlist=\toks15
)
(/home/phonon/Development/tools/tex2019/texmf-dist/tex/latex/base/fontenc.sty
Package: fontenc 2018/08/11 v2.0j Standard LaTeX package

(/home/phonon/Development/tools/tex2019/texmf-dist/tex/latex/base/t1enc.def
File: t1enc.def 2018/08/11 v2.0j Standard LaTeX file
LaTeX Font Info:    Redeclaring font encoding T1 on input line 48.
))
(/home/phonon/Development/tools/tex2019/texmf-dist/tex/latex/base/inputenc.sty
Package: inputenc 2018/08/11 v1.3c Input encoding file
\inpenc@prehook=\toks16
\inpenc@posthook=\toks17
)
(/home/phonon/Development/tools/tex2019/texmf-dist/tex/latex/graphics/graphicx.
sty
Package: graphicx 2017/06/01 v1.1a Enhanced LaTeX Graphics (DPC,SPQR)

(/home/phonon/Development/tools/tex2019/texmf-dist/tex/latex/graphics/graphics.
sty
Package: graphics 2019/11/01 v1.3d Standard LaTeX Graphics (DPC,SPQR)

(/home/phonon/Development/tools/tex2019/texmf-dist/tex/latex/graphics/trig.sty
Package: trig 2016/01/03 v1.10 sin cos tan (DPC)
)
(/home/phonon/Development/tools/tex2019/texmf-dist/tex/latex/graphics-cfg/graph
ics.cfg
File: graphics.cfg 2016/06/04 v1.11 sample graphics configuration
)
Package graphics Info: Driver file: pdftex.def on input line 105.

(/home/phonon/Development/tools/tex2019/texmf-dist/tex/latex/graphics-def/pdfte
x.def
File: pdftex.def 2018/01/08 v1.0l Graphics/color driver for pdftex
))
\Gin@req@height=\dimen111
\Gin@req@width=\dimen112
)
(/home/phonon/Development/tools/tex2019/texmf-dist/tex/latex/epstopdf-pkg/epsto
pdf.sty
Package: epstopdf 2019-12-09 v2.10 Conversion with epstopdf on the fly (HO)

(/home/phonon/Development/tools/tex2019/texmf-dist/tex/generic/infwarerr/infwar
err.sty
Package: infwarerr 2019/12/03 v1.5 Providing info/warning/error messages (HO)
)
(/home/phonon/Development/tools/tex2019/texmf-dist/tex/latex/grfext/grfext.sty
Package: grfext 2019/12/03 v1.3 Manage graphics extensions (HO)

(/home/phonon/Development/tools/tex2019/texmf-dist/tex/generic/kvdefinekeys/kvd
efinekeys.sty
Package: kvdefinekeys 2019-12-19 v1.6 Define keys (HO)
))
(/home/phonon/Development/tools/tex2019/texmf-dist/tex/latex/kvoptions/kvoption
s.sty
Package: kvoptions 2019/11/29 v3.13 Key value format for package options (HO)

(/home/phonon/Development/tools/tex2019/texmf-dist/tex/generic/ltxcmds/ltxcmds.
sty
Package: ltxcmds 2019/12/15 v1.24 LaTeX kernel commands for general use (HO)
)
(/home/phonon/Development/tools/tex2019/texmf-dist/tex/generic/kvsetkeys/kvsetk
eys.sty
Package: kvsetkeys 2019/12/15 v1.18 Key value parser (HO)
))
(/home/phonon/Development/tools/tex2019/texmf-dist/tex/latex/pdftexcmds/pdftexc
mds.sty
Package: pdftexcmds 2019/11/24 v0.31 Utility functions of pdfTeX for LuaTeX (HO
)
Package pdftexcmds Info: \pdf@primitive is available.
Package pdftexcmds Info: \pdf@ifprimitive is available.
Package pdftexcmds Info: \pdfdraftmode found.
)
(/home/phonon/Development/tools/tex2019/texmf-dist/tex/latex/epstopdf-pkg/epsto
pdf-base.sty
Package: epstopdf-base 2019-12-09 v2.10 Base part for package epstopdf
Package epstopdf-base Info: Redefining graphics rule for `.eps' on input line 4
85.
Package grfext Info: Graphics extension search list:
(grfext)             [.pdf,.png,.jpg,.mps,.jpeg,.jbig2,.jb2,.PDF,.PNG,.JPG,.JPE
G,.JBIG2,.JB2,.eps]
(grfext)             \AppendGraphicsExtensions on input line 504.

(/home/phonon/Development/tools/tex2019/texmf-dist/tex/latex/latexconfig/epstop
df-sys.cfg
File: epstopdf-sys.cfg 2010/07/13 v1.3 Configuration of (r)epstopdf for TeX Liv
e
)))
(/home/phonon/Development/tools/tex2019/texmf-dist/tex/latex/amsmath/amsmath.st
y
Package: amsmath 2019/11/16 v2.17d AMS math features
\@mathmargin=\skip43

For additional information on amsmath, use the `?' option.

(/home/phonon/Development/tools/tex2019/texmf-dist/tex/latex/amsmath/amstext.st
y
Package: amstext 2000/06/29 v2.01 AMS text

(/home/phonon/Development/tools/tex2019/texmf-dist/tex/latex/amsmath/amsgen.sty
File: amsgen.sty 1999/11/30 v2.0 generic functions
\@emptytoks=\toks18
\ex@=\dimen113
))
(/home/phonon/Development/tools/tex2019/texmf-dist/tex/latex/amsmath/amsbsy.sty
Package: amsbsy 1999/11/29 v1.2d Bold Symbols
\pmbraise@=\dimen114
)
(/home/phonon/Development/tools/tex2019/texmf-dist/tex/latex/amsmath/amsopn.sty
Package: amsopn 2016/03/08 v2.02 operator names
)
\inf@bad=\count92
LaTeX Info: Redefining \frac on input line 227.
\uproot@=\count93
\leftroot@=\count94
LaTeX Info: Redefining \overline on input line 389.
\classnum@=\count95
\DOTSCASE@=\count96
LaTeX Info: Redefining \ldots on input line 486.
LaTeX Info: Redefining \dots on input line 489.
LaTeX Info: Redefining \cdots on input line 610.
\Mathstrutbox@=\box27
\strutbox@=\box28
\big@size=\dimen115
LaTeX Font Info:    Redeclaring font encoding OML on input line 733.
LaTeX Font Info:    Redeclaring font encoding OMS on input line 734.
\macc@depth=\count97
\c@MaxMatrixCols=\count98
\dotsspace@=\muskip10
\c@parentequation=\count99
\dspbrk@lvl=\count100
\tag@help=\toks19
\row@=\count101
\column@=\count102
\maxfields@=\count103
\andhelp@=\toks20
\eqnshift@=\dimen116
\alignsep@=\dimen117
\tagshift@=\dimen118
\tagwidth@=\dimen119
\totwidth@=\dimen120
\lineht@=\dimen121
\@envbody=\toks21
\multlinegap=\skip44
\multlinetaggap=\skip45
\mathdisplay@stack=\toks22
LaTeX Info: Redefining \[ on input line 2858.
LaTeX Info: Redefining \] on input line 2859.
)
(/home/phonon/Development/tools/tex2019/texmf-dist/tex/latex/listings/listings.
sty
\lst@mode=\count104
\lst@gtempboxa=\box29
\lst@token=\toks23
\lst@length=\count105
\lst@currlwidth=\dimen122
\lst@column=\count106
\lst@pos=\count107
\lst@lostspace=\dimen123
\lst@width=\dimen124
\lst@newlines=\count108
\lst@lineno=\count109
\lst@maxwidth=\dimen125

(/home/phonon/Development/tools/tex2019/texmf-dist/tex/latex/listings/lstmisc.s
ty
File: lstmisc.sty 2019/09/10 1.8c (Carsten Heinz)
\c@lstnumber=\count110
\lst@skipnumbers=\count111
\lst@framebox=\box30
)
(/home/phonon/Development/tools/tex2019/texmf-dist/tex/latex/listings/listings.
cfg
File: listings.cfg 2019/09/10 1.8c listings configuration
))
Package: listings 2019/09/10 1.8c (Carsten Heinz)

(/home/phonon/Development/tools/tex2019/texmf-dist/tex/latex/graphics/color.sty
Package: color 2016/07/10 v1.1e Standard LaTeX Color (DPC)

(/home/phonon/Development/tools/tex2019/texmf-dist/tex/latex/graphics-cfg/color
.cfg
File: color.cfg 2016/01/02 v1.6 sample color configuration
)
Package color Info: Driver file: pdftex.def on input line 147.
)
(/home/phonon/Development/tools/tex2019/texmf-dist/tex/latex/psnfss/courier.sty
Package: courier 2005/04/12 PSNFSS-v9.2a (WaS) 
)
(/home/phonon/Development/tools/tex2019/texmf-dist/tex/latex/caption/caption.st
y
Package: caption 2020/01/03 v3.4h Customizing captions (AR)

(/home/phonon/Development/tools/tex2019/texmf-dist/tex/latex/caption/caption3.s
ty
Package: caption3 2020/01/03 v1.8h caption3 kernel (AR)
Package caption3 Info: TeX engine: e-TeX on input line 61.
\captionmargin=\dimen126
\captionmargin@=\dimen127
\captionwidth=\dimen128
\caption@tempdima=\dimen129
\caption@indent=\dimen130
\caption@parindent=\dimen131
\caption@hangindent=\dimen132
Package caption Info: Standard document class detected.
)
\c@caption@flags=\count112
\c@continuedfloat=\count113
Package caption Info: listings package is loaded.
) (./report.aux)
\openout1 = `report.aux'.

LaTeX Font Info:    Checking defaults for OML/cmm/m/it on input line 63.
LaTeX Font Info:    ... okay on input line 63.
LaTeX Font Info:    Checking defaults for T1/cmr/m/n on input line 63.
LaTeX Font Info:    ... okay on input line 63.
LaTeX Font Info:    Checking defaults for OT1/cmr/m/n on input line 63.
LaTeX Font Info:    ... okay on input line 63.
LaTeX Font Info:    Checking defaults for OMS/cmsy/m/n on input line 63.
LaTeX Font Info:    ... okay on input line 63.
LaTeX Font Info:    Checking defaults for OMX/cmex/m/n on input line 63.
LaTeX Font Info:    ... okay on input line 63.
LaTeX Font Info:    Checking defaults for U/cmr/m/n on input line 63.
LaTeX Font Info:    ... okay on input line 63.

*geometry* driver: auto-detecting
*geometry* detected driver: pdftex
*geometry* verbose mode - [ preamble ] result:
* driver: pdftex
* paper: a4paper
* layout: <same size as paper>
* layoutoffset:(h,v)=(0.0pt,0.0pt)
* modes: twoside 
* h-part:(L,W,R)=(56.9055pt, 483.69687pt, 56.9055pt)
* v-part:(T,H,B)=(56.9055pt, 731.23584pt, 56.9055pt)
* \paperwidth=597.50787pt
* \paperheight=845.04684pt
* \textwidth=483.69687pt
* \textheight=731.23584pt
* \oddsidemargin=-15.36449pt
* \evensidemargin=-15.36449pt
* \topmargin=-45.43198pt
* \headheight=12.0pt
* \headsep=18.06749pt
* \topskip=10.0pt
* \footskip=25.29494pt
* \marginparwidth=115.0pt
* \marginparsep=7.0pt
* \columnsep=10.0pt
* \skip\footins=9.0pt plus 4.0pt minus 2.0pt
* \hoffset=0.0pt
* \voffset=0.0pt
* \mag=1000
* \@twocolumnfalse
* \@twosidetrue
* \@mparswitchtrue
* \@reversemarginfalse
* (1in=72.27pt=25.4mm, 1cm=28.453pt)


(/home/phonon/Development/tools/tex2019/texmf-dist/tex/context/base/mkii/supp-p
df.mkii
[Loading MPS to PDF converter (version 2006.09.02).]
\scratchcounter=\count114
\scratchdimen=\dimen133
\scratchbox=\box31
\nofMPsegments=\count115
\nofMParguments=\count116
\everyMPshowfont=\toks24
\MPscratchCnt=\count117
\MPscratchDim=\dimen134
\MPnumerator=\count118
\makeMPintoPDFobject=\count119
\everyMPtoPDFconversion=\toks25
)
\c@lstlisting=\count120
Package caption Info: Begin \AtBeginDocument code.
Package caption Info: End \AtBeginDocument code.
 [1


{/home/phonon/Development/tools/tex2019/texmf-var/fonts/map/pdftex/updmap/pdfte
x.map}] [2

] [3] [4]
Chapter 1.
LaTeX Font Info:    Trying to load font information for OMS+cmr on input line 8
3.
(/home/phonon/Development/tools/tex2019/texmf-dist/tex/latex/base/omscmr.fd
File: omscmr.fd 2014/09/29 v2.5h Standard LaTeX font definitions
)
LaTeX Font Info:    Font shape `OMS/cmr/m/n' in size <10> not available
(Font)              Font shape `OMS/cmsy/m/n' tried instead on input line 83.

[5

] [6

]
Chapter 2.
LaTeX Font Info:    Trying to load font information for T1+pcr on input line 11
8.
(/home/phonon/Development/tools/tex2019/texmf-dist/tex/latex/psnfss/t1pcr.fd
File: t1pcr.fd 2001/06/04 font definitions for T1/pcr.
)
LaTeX Font Info:    Font shape `T1/pcr/bx/n' in size <14.4> not available
(Font)              Font shape `T1/pcr/b/n' tried instead on input line 118.

(/home/phonon/Development/tools/tex2019/texmf-dist/tex/latex/listings/lstlang1.
sty
File: lstlang1.sty 2019/09/10 1.8c listings language file
)
LaTeX Font Info:    Font shape `T1/pcr/bx/n' in size <8> not available
(Font)              Font shape `T1/pcr/b/n' tried instead on input line 126.
Package epstopdf Info: Source file: <scaleDescription.eps>
(epstopdf)                    date: 2016-02-05 19:22:59
(epstopdf)                    size: 281313 bytes
(epstopdf)             Output file: <scaleDescription-eps-converted-to.pdf>
(epstopdf)                    date: 2016-02-05 19:22:59
(epstopdf)                    size: 395674 bytes
(epstopdf)             Command: <epstopdf --outfile=scaleDescription-eps-conver
ted-to.pdf scaleDescription.eps>
(epstopdf)             \includegraphics on input line 152.
Package epstopdf Info: Output file is already uptodate.
<scaleDescription-eps-converted-to.pdf, id=29, 568.1225pt x 280.04625pt>
File: scaleDescription-eps-converted-to.pdf Graphic file (type pdf)
<use scaleDescription-eps-converted-to.pdf>
Package pdftex.def Info: scaleDescription-eps-converted-to.pdf  used on input l
ine 152.
(pdftex.def)             Requested size: 483.69687pt x 238.43782pt.
 [7] [8 <./scaleDescription-eps-converted-to.pdf>] (./report.aux) ) 
Here is how much of TeX's memory you used:
 5787 strings out of 492163
 83923 string characters out of 6118182
 380310 words of memory out of 5000000
 10075 multiletter control sequences out of 15000+600000
 19203 words of font info for 46 fonts, out of 8000000 for 9000
 1141 hyphenation exceptions out of 8191
 41i,6n,42p,449b,1276s stack positions out of 5000i,500n,10000p,200000b,80000s
{/home/phono
n/Development/tools/tex2019/texmf-dist/fonts/enc/dvips/cm-super/cm-super-t1.enc
}{/home/phonon/Development/tools/tex2019/texmf-dist/fonts/enc/dvips/base/8r.enc
}</home/phonon/Development/tools/tex2019/texmf-dist/fonts/type1/public/amsfonts
/cm/cmsy10.pfb></home/phonon/Development/tools/tex2019/texmf-dist/fonts/type1/p
ublic/cm-super/sfbx0800.pfb></home/phonon/Development/tools/tex2019/texmf-dist/
fonts/type1/public/cm-super/sfbx1440.pfb></home/phonon/Development/tools/tex201
9/texmf-dist/fonts/type1/public/cm-super/sfbx2074.pfb></home/phonon/Development
/tools/tex2019/texmf-dist/fonts/type1/public/cm-super/sfbx2488.pfb></home/phono
n/Development/tools/tex2019/texmf-dist/fonts/type1/public/cm-super/sfrm0500.pfb
></home/phonon/Development/tools/tex2019/texmf-dist/fonts/type1/public/cm-super
/sfrm0800.pfb></home/phonon/Development/tools/tex2019/texmf-dist/fonts/type1/pu
blic/cm-super/sfrm1000.pfb></home/phonon/Development/tools/tex2019/texmf-dist/f
onts/type1/public/cm-super/sfrm1200.pfb></home/phonon/Development/tools/tex2019
/texmf-dist/fonts/type1/public/cm-super/sfrm1728.pfb></home/phonon/Development/
tools/tex2019/texmf-dist/fonts/type1/public/cm-super/sfsl1000.pfb></home/phonon
/Development/tools/tex2019/texmf-dist/fonts/type1/urw/courier/ucrb8a.pfb></home
/phonon/Development/tools/tex2019/texmf-dist/fonts/type1/urw/courier/ucrr8a.pfb
>
Output written on report.pdf (8 pages, 604515 bytes).
PDF statistics:
 96 PDF objects out of 1000 (max. 8388607)
 67 compressed objects within 1 object stream
 0 named destinations out of 1000 (max. 500000)
 6 words of extra memory for PDF output out of 10000 (max. 10000000)

